<?xml version="1.0" encoding="UTF-8"?>
<testsuite xmlns:xsi="http://www.w3.org/2001/XMLSchema-instance" xsi:noNamespaceSchemaLocation="https://maven.apache.org/surefire/maven-surefire-plugin/xsd/surefire-test-report.xsd" name="cucumberOptions.TestRunner" time="6,470.069" tests="36" errors="2" skipped="1" failures="0">
  <properties>
    <property name="sun.desktop" value="windows"/>
    <property name="awt.toolkit" value="sun.awt.windows.WToolkit"/>
    <property name="file.encoding.pkg" value="sun.io"/>
    <property name="java.specification.version" value="1.8"/>
    <property name="sun.cpu.isalist" value="amd64"/>
    <property name="sun.jnu.encoding" value="Cp1252"/>
    <property name="java.class.path" value="C:\Users\morara\eclipse-workspace 2\eCommerce\target\test-classes;C:\Users\morara\eclipse-workspace 2\eCommerce\target\classes;C:\Users\morara\.m2\repository\junit\junit\4.11\junit-4.11.jar;C:\Users\morara\.m2\repository\org\hamcrest\hamcrest-core\1.3\hamcrest-core-1.3.jar;C:\Users\morara\.m2\repository\io\cucumber\cucumber-java\4.8.0\cucumber-java-4.8.0.jar;C:\Users\morara\.m2\repository\io\cucumber\cucumber-core\4.8.0\cucumber-core-4.8.0.jar;C:\Users\morara\.m2\repository\io\cucumber\tag-expressions\1.1.1\tag-expressions-1.1.1.jar;C:\Users\morara\.m2\repository\io\cucumber\cucumber-expressions\7.0.2\cucumber-expressions-7.0.2.jar;C:\Users\morara\.m2\repository\io\cucumber\datatable\1.1.14\datatable-1.1.14.jar;C:\Users\morara\.m2\repository\io\cucumber\datatable-dependencies\1.1.14\datatable-dependencies-1.1.14.jar;C:\Users\morara\.m2\repository\org\apiguardian\apiguardian-api\1.1.0\apiguardian-api-1.1.0.jar;C:\Users\morara\.m2\repository\io\cucumber\cucumber-junit\4.8.0\cucumber-junit-4.8.0.jar;C:\Users\morara\.m2\repository\org\seleniumhq\selenium\selenium-java\3.141.59\selenium-java-3.141.59.jar;C:\Users\morara\.m2\repository\org\seleniumhq\selenium\selenium-api\3.141.59\selenium-api-3.141.59.jar;C:\Users\morara\.m2\repository\org\seleniumhq\selenium\selenium-chrome-driver\3.141.59\selenium-chrome-driver-3.141.59.jar;C:\Users\morara\.m2\repository\org\seleniumhq\selenium\selenium-edge-driver\3.141.59\selenium-edge-driver-3.141.59.jar;C:\Users\morara\.m2\repository\org\seleniumhq\selenium\selenium-firefox-driver\3.141.59\selenium-firefox-driver-3.141.59.jar;C:\Users\morara\.m2\repository\org\seleniumhq\selenium\selenium-ie-driver\3.141.59\selenium-ie-driver-3.141.59.jar;C:\Users\morara\.m2\repository\org\seleniumhq\selenium\selenium-opera-driver\3.141.59\selenium-opera-driver-3.141.59.jar;C:\Users\morara\.m2\repository\org\seleniumhq\selenium\selenium-remote-driver\3.141.59\selenium-remote-driver-3.141.59.jar;C:\Users\morara\.m2\repository\org\seleniumhq\selenium\selenium-safari-driver\3.141.59\selenium-safari-driver-3.141.59.jar;C:\Users\morara\.m2\repository\org\seleniumhq\selenium\selenium-support\3.141.59\selenium-support-3.141.59.jar;C:\Users\morara\.m2\repository\net\bytebuddy\byte-buddy\1.8.15\byte-buddy-1.8.15.jar;C:\Users\morara\.m2\repository\org\apache\commons\commons-exec\1.3\commons-exec-1.3.jar;C:\Users\morara\.m2\repository\com\google\guava\guava\25.0-jre\guava-25.0-jre.jar;C:\Users\morara\.m2\repository\com\google\code\findbugs\jsr305\1.3.9\jsr305-1.3.9.jar;C:\Users\morara\.m2\repository\org\checkerframework\checker-compat-qual\2.0.0\checker-compat-qual-2.0.0.jar;C:\Users\morara\.m2\repository\com\google\errorprone\error_prone_annotations\2.1.3\error_prone_annotations-2.1.3.jar;C:\Users\morara\.m2\repository\com\google\j2objc\j2objc-annotations\1.1\j2objc-annotations-1.1.jar;C:\Users\morara\.m2\repository\org\codehaus\mojo\animal-sniffer-annotations\1.14\animal-sniffer-annotations-1.14.jar;C:\Users\morara\.m2\repository\com\squareup\okhttp3\okhttp\3.11.0\okhttp-3.11.0.jar;C:\Users\morara\.m2\repository\com\squareup\okio\okio\1.14.0\okio-1.14.0.jar;C:\Users\morara\.m2\repository\de\monochromata\cucumber\reporting-plugin\3.0.17\reporting-plugin-3.0.17.jar;C:\Users\morara\.m2\repository\io\cucumber\gherkin\5.1.0\gherkin-5.1.0.jar;C:\Users\morara\.m2\repository\io\cucumber\gherkin-jvm-deps\1.0.4\gherkin-jvm-deps-1.0.4.jar;C:\Users\morara\.m2\repository\net\masterthought\cucumber-reporting\4.11.2\cucumber-reporting-4.11.2.jar;C:\Users\morara\.m2\repository\com\fasterxml\jackson\core\jackson-databind\2.9.9.3\jackson-databind-2.9.9.3.jar;C:\Users\morara\.m2\repository\com\fasterxml\jackson\core\jackson-annotations\2.9.0\jackson-annotations-2.9.0.jar;C:\Users\morara\.m2\repository\com\fasterxml\jackson\core\jackson-core\2.9.9\jackson-core-2.9.9.jar;C:\Users\morara\.m2\repository\org\apache\velocity\velocity\1.7\velocity-1.7.jar;C:\Users\morara\.m2\repository\commons-lang\commons-lang\2.4\commons-lang-2.4.jar;C:\Users\morara\.m2\repository\commons-collections\commons-collections\3.2.2\commons-collections-3.2.2.jar;C:\Users\morara\.m2\repository\velocity-tools\velocity-tools\1.4\velocity-tools-1.4.jar;C:\Users\morara\.m2\repository\joda-time\joda-time\2.10.2\joda-time-2.10.2.jar;C:\Users\morara\.m2\repository\org\apache\commons\commons-lang3\3.9\commons-lang3-3.9.jar;C:\Users\morara\.m2\repository\commons-io\commons-io\2.6\commons-io-2.6.jar;C:\Users\morara\.m2\repository\org\codehaus\plexus\plexus-utils\3.2.0\plexus-utils-3.2.0.jar;C:\Users\morara\.m2\repository\org\jsoup\jsoup\1.12.1\jsoup-1.12.1.jar;C:\Users\morara\.m2\repository\com\googlecode\owasp-java-html-sanitizer\owasp-java-html-sanitizer\20190610.1\owasp-java-html-sanitizer-20190610.1.jar;C:\Users\morara\.m2\repository\commons-configuration\commons-configuration\1.10\commons-configuration-1.10.jar;C:\Users\morara\.m2\repository\commons-logging\commons-logging\1.1.1\commons-logging-1.1.1.jar;"/>
    <property name="java.vm.vendor" value="Oracle Corporation"/>
    <property name="sun.arch.data.model" value="64"/>
    <property name="user.variant" value=""/>
    <property name="java.vendor.url" value="http://java.oracle.com/"/>
    <property name="user.timezone" value="America/Mexico_City"/>
    <property name="user.country.format" value="MX"/>
    <property name="java.vm.specification.version" value="1.8"/>
    <property name="os.name" value="Windows 10"/>
    <property name="user.country" value="US"/>
    <property name="sun.java.launcher" value="SUN_STANDARD"/>
    <property name="sun.boot.library.path" value="C:\Program Files\Java\jdk1.8.0_144\jre\bin"/>
    <property name="sun.java.command" value="C:\Users\morara\AppData\Local\Temp\surefire4223985323519339698\surefirebooter2579744989015287276.jar C:\Users\morara\AppData\Local\Temp\surefire4223985323519339698 2020-01-31T13-04-35_239-jvmRun1 surefire999572066203248899tmp surefire_0184677140549164535tmp"/>
    <property name="surefire.test.class.path" value="C:\Users\morara\eclipse-workspace 2\eCommerce\target\test-classes;C:\Users\morara\eclipse-workspace 2\eCommerce\target\classes;C:\Users\morara\.m2\repository\junit\junit\4.11\junit-4.11.jar;C:\Users\morara\.m2\repository\org\hamcrest\hamcrest-core\1.3\hamcrest-core-1.3.jar;C:\Users\morara\.m2\repository\io\cucumber\cucumber-java\4.8.0\cucumber-java-4.8.0.jar;C:\Users\morara\.m2\repository\io\cucumber\cucumber-core\4.8.0\cucumber-core-4.8.0.jar;C:\Users\morara\.m2\repository\io\cucumber\tag-expressions\1.1.1\tag-expressions-1.1.1.jar;C:\Users\morara\.m2\repository\io\cucumber\cucumber-expressions\7.0.2\cucumber-expressions-7.0.2.jar;C:\Users\morara\.m2\repository\io\cucumber\datatable\1.1.14\datatable-1.1.14.jar;C:\Users\morara\.m2\repository\io\cucumber\datatable-dependencies\1.1.14\datatable-dependencies-1.1.14.jar;C:\Users\morara\.m2\repository\org\apiguardian\apiguardian-api\1.1.0\apiguardian-api-1.1.0.jar;C:\Users\morara\.m2\repository\io\cucumber\cucumber-junit\4.8.0\cucumber-junit-4.8.0.jar;C:\Users\morara\.m2\repository\org\seleniumhq\selenium\selenium-java\3.141.59\selenium-java-3.141.59.jar;C:\Users\morara\.m2\repository\org\seleniumhq\selenium\selenium-api\3.141.59\selenium-api-3.141.59.jar;C:\Users\morara\.m2\repository\org\seleniumhq\selenium\selenium-chrome-driver\3.141.59\selenium-chrome-driver-3.141.59.jar;C:\Users\morara\.m2\repository\org\seleniumhq\selenium\selenium-edge-driver\3.141.59\selenium-edge-driver-3.141.59.jar;C:\Users\morara\.m2\repository\org\seleniumhq\selenium\selenium-firefox-driver\3.141.59\selenium-firefox-driver-3.141.59.jar;C:\Users\morara\.m2\repository\org\seleniumhq\selenium\selenium-ie-driver\3.141.59\selenium-ie-driver-3.141.59.jar;C:\Users\morara\.m2\repository\org\seleniumhq\selenium\selenium-opera-driver\3.141.59\selenium-opera-driver-3.141.59.jar;C:\Users\morara\.m2\repository\org\seleniumhq\selenium\selenium-remote-driver\3.141.59\selenium-remote-driver-3.141.59.jar;C:\Users\morara\.m2\repository\org\seleniumhq\selenium\selenium-safari-driver\3.141.59\selenium-safari-driver-3.141.59.jar;C:\Users\morara\.m2\repository\org\seleniumhq\selenium\selenium-support\3.141.59\selenium-support-3.141.59.jar;C:\Users\morara\.m2\repository\net\bytebuddy\byte-buddy\1.8.15\byte-buddy-1.8.15.jar;C:\Users\morara\.m2\repository\org\apache\commons\commons-exec\1.3\commons-exec-1.3.jar;C:\Users\morara\.m2\repository\com\google\guava\guava\25.0-jre\guava-25.0-jre.jar;C:\Users\morara\.m2\repository\com\google\code\findbugs\jsr305\1.3.9\jsr305-1.3.9.jar;C:\Users\morara\.m2\repository\org\checkerframework\checker-compat-qual\2.0.0\checker-compat-qual-2.0.0.jar;C:\Users\morara\.m2\repository\com\google\errorprone\error_prone_annotations\2.1.3\error_prone_annotations-2.1.3.jar;C:\Users\morara\.m2\repository\com\google\j2objc\j2objc-annotations\1.1\j2objc-annotations-1.1.jar;C:\Users\morara\.m2\repository\org\codehaus\mojo\animal-sniffer-annotations\1.14\animal-sniffer-annotations-1.14.jar;C:\Users\morara\.m2\repository\com\squareup\okhttp3\okhttp\3.11.0\okhttp-3.11.0.jar;C:\Users\morara\.m2\repository\com\squareup\okio\okio\1.14.0\okio-1.14.0.jar;C:\Users\morara\.m2\repository\de\monochromata\cucumber\reporting-plugin\3.0.17\reporting-plugin-3.0.17.jar;C:\Users\morara\.m2\repository\io\cucumber\gherkin\5.1.0\gherkin-5.1.0.jar;C:\Users\morara\.m2\repository\io\cucumber\gherkin-jvm-deps\1.0.4\gherkin-jvm-deps-1.0.4.jar;C:\Users\morara\.m2\repository\net\masterthought\cucumber-reporting\4.11.2\cucumber-reporting-4.11.2.jar;C:\Users\morara\.m2\repository\com\fasterxml\jackson\core\jackson-databind\2.9.9.3\jackson-databind-2.9.9.3.jar;C:\Users\morara\.m2\repository\com\fasterxml\jackson\core\jackson-annotations\2.9.0\jackson-annotations-2.9.0.jar;C:\Users\morara\.m2\repository\com\fasterxml\jackson\core\jackson-core\2.9.9\jackson-core-2.9.9.jar;C:\Users\morara\.m2\repository\org\apache\velocity\velocity\1.7\velocity-1.7.jar;C:\Users\morara\.m2\repository\commons-lang\commons-lang\2.4\commons-lang-2.4.jar;C:\Users\morara\.m2\repository\commons-collections\commons-collections\3.2.2\commons-collections-3.2.2.jar;C:\Users\morara\.m2\repository\velocity-tools\velocity-tools\1.4\velocity-tools-1.4.jar;C:\Users\morara\.m2\repository\joda-time\joda-time\2.10.2\joda-time-2.10.2.jar;C:\Users\morara\.m2\repository\org\apache\commons\commons-lang3\3.9\commons-lang3-3.9.jar;C:\Users\morara\.m2\repository\commons-io\commons-io\2.6\commons-io-2.6.jar;C:\Users\morara\.m2\repository\org\codehaus\plexus\plexus-utils\3.2.0\plexus-utils-3.2.0.jar;C:\Users\morara\.m2\repository\org\jsoup\jsoup\1.12.1\jsoup-1.12.1.jar;C:\Users\morara\.m2\repository\com\googlecode\owasp-java-html-sanitizer\owasp-java-html-sanitizer\20190610.1\owasp-java-html-sanitizer-20190610.1.jar;C:\Users\morara\.m2\repository\commons-configuration\commons-configuration\1.10\commons-configuration-1.10.jar;C:\Users\morara\.m2\repository\commons-logging\commons-logging\1.1.1\commons-logging-1.1.1.jar;"/>
    <property name="sun.cpu.endian" value="little"/>
    <property name="user.home" value="C:\Users\morara"/>
    <property name="user.language" value="en"/>
    <property name="java.specification.vendor" value="Oracle Corporation"/>
    <property name="java.home" value="C:\Program Files\Java\jdk1.8.0_144\jre"/>
    <property name="basedir" value="C:\Users\morara\eclipse-workspace 2\eCommerce"/>
    <property name="file.separator" value="\"/>
    <property name="line.separator" value="&#10;"/>
    <property name="java.vm.specification.vendor" value="Oracle Corporation"/>
    <property name="java.specification.name" value="Java Platform API Specification"/>
    <property name="java.awt.graphicsenv" value="sun.awt.Win32GraphicsEnvironment"/>
    <property name="surefire.real.class.path" value="C:\Users\morara\AppData\Local\Temp\surefire4223985323519339698\surefirebooter2579744989015287276.jar"/>
    <property name="sun.boot.class.path" value="C:\Program Files\Java\jdk1.8.0_144\jre\lib\resources.jar;C:\Program Files\Java\jdk1.8.0_144\jre\lib\rt.jar;C:\Program Files\Java\jdk1.8.0_144\jre\lib\sunrsasign.jar;C:\Program Files\Java\jdk1.8.0_144\jre\lib\jsse.jar;C:\Program Files\Java\jdk1.8.0_144\jre\lib\jce.jar;C:\Program Files\Java\jdk1.8.0_144\jre\lib\charsets.jar;C:\Program Files\Java\jdk1.8.0_144\jre\lib\jfr.jar;C:\Program Files\Java\jdk1.8.0_144\jre\classes"/>
    <property name="user.script" value=""/>
    <property name="sun.management.compiler" value="HotSpot 64-Bit Tiered Compilers"/>
    <property name="java.runtime.version" value="1.8.0_144-b01"/>
    <property name="user.name" value="morara"/>
    <property name="path.separator" value=";"/>
    <property name="os.version" value="10.0"/>
    <property name="java.endorsed.dirs" value="C:\Program Files\Java\jdk1.8.0_144\jre\lib\endorsed"/>
    <property name="java.runtime.name" value="Java(TM) SE Runtime Environment"/>
    <property name="file.encoding" value="Cp1252"/>
    <property name="java.vm.name" value="Java HotSpot(TM) 64-Bit Server VM"/>
    <property name="localRepository" value="C:\Users\morara\.m2\repository"/>
    <property name="cucumber.options" value="--tags @SourceCodeTest"/>
    <property name="java.vendor.url.bug" value="http://bugreport.sun.com/bugreport/"/>
    <property name="java.io.tmpdir" value="C:\Users\morara\AppData\Local\Temp\"/>
    <property name="java.version" value="1.8.0_144"/>
    <property name="user.dir" value="C:\Users\morara\eclipse-workspace 2\eCommerce"/>
    <property name="os.arch" value="amd64"/>
    <property name="java.vm.specification.name" value="Java Virtual Machine Specification"/>
    <property name="java.awt.printerjob" value="sun.awt.windows.WPrinterJob"/>
    <property name="user.language.format" value="es"/>
    <property name="sun.os.patch.level" value=""/>
    <property name="java.library.path" value="C:\Program Files\Java\jdk1.8.0_144\jre\bin;C:\windows\Sun\Java\bin;C:\windows\system32;C:\windows;C:\Program Files (x86)\Common Files\Oracle\Java\javapath;C:\windows\system32;C:\windows;C:\windows\System32\Wbem;C:\windows\System32\WindowsPowerShell\v1.0\;C:\Program Files\Microsoft SQL Server\Client SDK\ODBC\130\Tools\Binn\;C:\Program Files (x86)\Microsoft SQL Server\140\Tools\Binn\;C:\Program Files\Microsoft SQL Server\140\Tools\Binn\;C:\Program Files\Microsoft SQL Server\140\DTS\Binn\;C:\Program Files (x86)\Microsoft SQL Server\150\DTS\Binn\;C:\Program Files\Java\jdk1.8.0_144\bin;C:\apache-maven-3.6.3\bin;C:\Program Files\Git\cmd;C:\Users\morara\AppData\Local\Programs\Python\Python37-32\Scripts\;C:\Users\morara\AppData\Local\Programs\Python\Python37-32\;C:\Users\morara\AppData\Local\Microsoft\WindowsApps;C:\Users\morara\AppData\Local\atom\bin;C:\MinGW\bin;;."/>
    <property name="java.vm.info" value="mixed mode"/>
    <property name="java.vendor" value="Oracle Corporation"/>
    <property name="java.vm.version" value="25.144-b01"/>
    <property name="java.ext.dirs" value="C:\Program Files\Java\jdk1.8.0_144\jre\lib\ext;C:\windows\Sun\Java\lib\ext"/>
    <property name="sun.io.unicode.encoding" value="UnicodeLittle"/>
    <property name="java.class.version" value="52.0"/>
  </properties>
  <testcase name="Verify the capital letter in URL" classname="Sourcecode verifications" time="117.746"/>
  <testcase name="Verify the capital letter in URL" classname="Sourcecode verifications" time="110.878"/>
  <testcase name="Verify the capital letter in URL" classname="Sourcecode verifications" time="127.703"/>
  <testcase name="Verify the capital letter in URL" classname="Sourcecode verifications" time="127.673"/>
  <testcase name="Verify the capital letter in URL" classname="Sourcecode verifications" time="139.028"/>
  <testcase name="Verify the capital letter in URL" classname="Sourcecode verifications" time="124.609"/>
  <testcase name="Verify the capital letter in URL" classname="Sourcecode verifications" time="173.985"/>
  <testcase name="Verify the capital letter in URL" classname="Sourcecode verifications" time="135.8"/>
  <testcase name="Verify the capital letter in URL" classname="Sourcecode verifications" time="132.708"/>
  <testcase name="Verify the capital letter in URL" classname="Sourcecode verifications" time="386.917"/>
  <testcase name="Verify the capital letter in URL" classname="Sourcecode verifications" time="147.356"/>
  <testcase name="Verify the capital letter in URL" classname="Sourcecode verifications" time="201.012"/>
  <testcase name="Verify the capital letter in URL" classname="Sourcecode verifications" time="547.653"/>
  <testcase name="Verify the capital letter in URL" classname="Sourcecode verifications" time="281.04"/>
  <testcase name="Verify the capital letter in URL" classname="Sourcecode verifications" time="170.727"/>
  <testcase name="Verify the capital letter in URL" classname="Sourcecode verifications" time="134.823"/>
  <testcase name="Verify the capital letter in URL" classname="Sourcecode verifications" time="263.462"/>
  <testcase name="Verify the capital letter in URL" classname="Sourcecode verifications" time="224.379"/>
  <testcase name="Verify the capital letter in URL" classname="Sourcecode verifications" time="0">
    <skipped message="The step &quot;User completes registration   &quot; is undefined"/>
    <system-out><![CDATA[
  @SourceCodeTest
  Scenario Outline: Verify the capital letter in URL                        &amp#27;[90m# src/test/java/features/SourceCode4.feature:87&amp#27;[0m
C:\Users\morara\eclipse-workspace 2\eCommerce
Header Menu is loaded
    &amp#27;[32mGiven &amp#27;[0m&amp#27;[32mUser is on StoreFront homepage with &amp#27;[0m&amp#27;[32m&amp#27;[1mhttps://uat.buy.hpe.com/us/en&amp#27;[0m &amp#27;[90m# StepsDefinitions.user_is_on_storefront_homepage_with(String)&amp#27;[0m
    &amp#27;[32mThen &amp#27;[0m&amp#27;[32mURL does not contain capital letters&amp#27;[0m                               &amp#27;[90m# StepsDefinitions.url_does_not_contain_capital_letters()&amp#27;[0m
SignIn Page is loaded
    &amp#27;[32mWhen &amp#27;[0m&amp#27;[32mUser goes to login page&amp#27;[0m                                            &amp#27;[90m# StepsDefinitions.user_goes_to_login_page()&amp#27;[0m
    &amp#27;[32mThen &amp#27;[0m&amp#27;[32mURL does not contain capital letters&amp#27;[0m                               &amp#27;[90m# StepsDefinitions.url_does_not_contain_capital_letters()&amp#27;[0m
    &amp#27;[32mWhen &amp#27;[0m&amp#27;[32mUser goes to registration page&amp#27;[0m                                     &amp#27;[90m# StepsDefinitions.user_goes_to_registration_page()&amp#27;[0m
    &amp#27;[32mThen &amp#27;[0m&amp#27;[32mURL does not contain capital letters&amp#27;[0m                               &amp#27;[90m# StepsDefinitions.url_does_not_contain_capital_letters()&amp#27;[0m
    &amp#27;[33mWhen &amp#27;[0m&amp#27;[33mUser completes registration   &amp#27;[0m                                     &amp#27;[90m# null&amp#27;[0m
    &amp#27;[36mThen &amp#27;[0m&amp#27;[36mURL does not contain capital letters&amp#27;[0m                               &amp#27;[90m# StepsDefinitions.url_does_not_contain_capital_letters()&amp#27;[0m
    &amp#27;[36mWhen &amp#27;[0m&amp#27;[36mUser goes to Servers Catalog&amp#27;[0m                                       &amp#27;[90m# StepsDefinitions.user_goes_to_servers_catalog()&amp#27;[0m
    &amp#27;[36mThen &amp#27;[0m&amp#27;[36mURL does not contain capital letters&amp#27;[0m                               &amp#27;[90m# StepsDefinitions.url_does_not_contain_capital_letters()&amp#27;[0m
    &amp#27;[36mAnd &amp#27;[0m&amp#27;[36mUser searches for "&amp#27;[0m&amp#27;[36m&amp#27;[1mdl380&amp#27;[0m&amp#27;[36m"&amp#27;[0m                                           &amp#27;[90m# StepsDefinitions.user_searches_for_something(String)&amp#27;[0m
    &amp#27;[36mThen &amp#27;[0m&amp#27;[36mURL does not contain capital letters&amp#27;[0m                               &amp#27;[90m# StepsDefinitions.url_does_not_contain_capital_letters()&amp#27;[0m
    &amp#27;[36mAnd &amp#27;[0m&amp#27;[36mUser searches and opens "&amp#27;[0m&amp#27;[36m&amp#27;[1mdl380&amp#27;[0m&amp#27;[36m"&amp#27;[0m                                     &amp#27;[90m# StepsDefinitions.user_searches_and_opens_something(String)&amp#27;[0m
    &amp#27;[36mThen &amp#27;[0m&amp#27;[36mURL does not contain capital letters&amp#27;[0m                               &amp#27;[90m# StepsDefinitions.url_does_not_contain_capital_letters()&amp#27;[0m
    &amp#27;[36mAnd &amp#27;[0m&amp#27;[36mUser clicks on get quote button&amp#27;[0m                                     &amp#27;[90m# StepsDefinitions.user_clicks_on_get_quote_button()&amp#27;[0m
    &amp#27;[36mThen &amp#27;[0m&amp#27;[36mURL does not contain capital letters&amp#27;[0m                               &amp#27;[90m# StepsDefinitions.url_does_not_contain_capital_letters()&amp#27;[0m
    &amp#27;[36mWhen &amp#27;[0m&amp#27;[36mUser fills up the form&amp#27;[0m                                             &amp#27;[90m# StepsDefinitions.user_fills_up_the_form()&amp#27;[0m
    &amp#27;[36mWhen &amp#27;[0m&amp#27;[36mUser clicks on get quote&amp#27;[0m                                           &amp#27;[90m# StepsDefinitions.user_clicks_on_get_quote()&amp#27;[0m
    &amp#27;[36mThen &amp#27;[0m&amp#27;[36mURL does not contain capital letters&amp#27;[0m                               &amp#27;[90m# StepsDefinitions.url_does_not_contain_capital_letters()&amp#27;[0m
]]></system-out>
    <system-err><![CDATA[Starting ChromeDriver 78.0.3904.70 (edb9c9f3de0247fd912a77b7f6cae7447f6d3ad5-refs/branch-heads/3904@{#800}) on port 5277
Only local connections are allowed.
Please protect ports used by ChromeDriver and related test frameworks to prevent access by malicious code.
[1580501027.832][WARNING]: This version of ChromeDriver has not been tested with Chrome version 79.
ene 31, 2020 2:03:48 PM org.openqa.selenium.remote.ProtocolHandshake createSession
INFO: Detected dialect: W3C
]]></system-err>
  </testcase>
  <testcase name="Verify the capital letter in URL" classname="Sourcecode verifications" time="176.667"/>
  <testcase name="Verify the capital letter in URL" classname="Sourcecode verifications" time="203.634"/>
  <testcase name="Verify the capital letter in URL" classname="Sourcecode verifications" time="282.364">
    <error message="Build info: version: &apos;3.141.59&apos;, revision: &apos;e82be7d358&apos;, time: &apos;2018-11-14T08:17:03&apos;&#10;System info: host: &apos;BICY5QHRAR&apos;, ip: &apos;16.214.2.191&apos;, os.name: &apos;Windows 10&apos;, os.arch: &apos;amd64&apos;, os.version: &apos;10.0&apos;, java.version: &apos;1.8.0_144&apos;&#10;Driver info: driver.version: unknown" type="org.openqa.selenium.TimeoutException">org.openqa.selenium.TimeoutException: 
Build info: version: '3.141.59', revision: 'e82be7d358', time: '2018-11-14T08:17:03'
System info: host: 'BICY5QHRAR', ip: '16.214.2.191', os.name: 'Windows 10', os.arch: 'amd64', os.version: '10.0', java.version: '1.8.0_144'
Driver info: driver.version: unknown
</error>
    <system-out><![CDATA[
  @SourceCodeTest
  Scenario Outline: Verify the capital letter in URL                        &amp#27;[90m# src/test/java/features/SourceCode4.feature:90&amp#27;[0m
C:\Users\morara\eclipse-workspace 2\eCommerce
Header Menu is loaded
    &amp#27;[32mGiven &amp#27;[0m&amp#27;[32mUser is on StoreFront homepage with &amp#27;[0m&amp#27;[32m&amp#27;[1mhttps://uat.buy.hpe.com/nl/en&amp#27;[0m &amp#27;[90m# StepsDefinitions.user_is_on_storefront_homepage_with(String)&amp#27;[0m
    &amp#27;[32mThen &amp#27;[0m&amp#27;[32mURL does not contain capital letters&amp#27;[0m                               &amp#27;[90m# StepsDefinitions.url_does_not_contain_capital_letters()&amp#27;[0m
org.openqa.selenium.TimeoutException: Expected condition failed: waiting for visibility of Proxy element for: DefaultElementLocator 'By.xpath: //*[@id="hpeLoginBtn"]' (tried for 30 second(s) with 500 milliseconds interval)
    &amp#27;[32mWhen &amp#27;[0m&amp#27;[32mUser goes to login page&amp#27;[0m                                            &amp#27;[90m# StepsDefinitions.user_goes_to_login_page()&amp#27;[0m
    &amp#27;[32mThen &amp#27;[0m&amp#27;[32mURL does not contain capital letters&amp#27;[0m                               &amp#27;[90m# StepsDefinitions.url_does_not_contain_capital_letters()&amp#27;[0m
Something went wrong: org.openqa.selenium.TimeoutException: Expected condition failed: waiting for element to be clickable: Proxy element for: DefaultElementLocator 'By.xpath: //a[contains(@href, "register")]' (tried for 30 second(s) with 500 milliseconds interval)
    &amp#27;[32mWhen &amp#27;[0m&amp#27;[32mUser goes to registration page&amp#27;[0m                                     &amp#27;[90m# StepsDefinitions.user_goes_to_registration_page()&amp#27;[0m
    &amp#27;[32mThen &amp#27;[0m&amp#27;[32mURL does not contain capital letters&amp#27;[0m                               &amp#27;[90m# StepsDefinitions.url_does_not_contain_capital_letters()&amp#27;[0m
eo7zxafRdf@yopmail.com
Something went wrong: org.openqa.selenium.NoSuchElementException: no such element: Unable to locate element: {"method":"xpath","selector":"//input[@id="email-address"]"}
  (Session info: chrome=79.0.3945.130)
For documentation on this error, please visit: https://www.seleniumhq.org/exceptions/no_such_element.html
Build info: version: '3.141.59', revision: 'e82be7d358', time: '2018-11-14T08:17:03'
System info: host: 'BICY5QHRAR', ip: '16.214.2.191', os.name: 'Windows 10', os.arch: 'amd64', os.version: '10.0', java.version: '1.8.0_144'
Driver info: org.openqa.selenium.chrome.ChromeDriver
Capabilities {acceptInsecureCerts: false, browserName: chrome, browserVersion: 79.0.3945.130, chrome: {chromedriverVersion: 78.0.3904.70 (edb9c9f3de024..., userDataDir: C:\Users\morara\AppData\Loc...}, goog:chromeOptions: {debuggerAddress: localhost:56336}, javascriptEnabled: true, networkConnectionEnabled: false, pageLoadStrategy: normal, platform: XP, platformName: XP, proxy: Proxy(), setWindowRect: true, strictFileInteractability: false, timeouts: {implicit: 0, pageLoad: 300000, script: 30000}, unhandledPromptBehavior: dismiss and notify}
Session ID: 3c1562fd76ae3ff1a35f87205ba262d5
*** Element info: {Using=xpath, value=//input[@id="email-address"]}
    &amp#27;[32mWhen &amp#27;[0m&amp#27;[32mUser completes registration &amp#27;[0m&amp#27;[32m&amp#27;[1mStroombaan 16&amp#27;[0m&amp#27;[32m &amp#27;[0m&amp#27;[32m&amp#27;[1mAMSTELVEEN&amp#27;[0m&amp#27;[32m &amp#27;[0m&amp#27;[32m&amp#27;[1m1181VX&amp#27;[0m        &amp#27;[90m# StepsDefinitions.user_completes_registration(String,String,String)&amp#27;[0m
    &amp#27;[32mThen &amp#27;[0m&amp#27;[32mURL does not contain capital letters&amp#27;[0m                               &amp#27;[90m# StepsDefinitions.url_does_not_contain_capital_letters()&amp#27;[0m
PLP Page opened
    &amp#27;[32mWhen &amp#27;[0m&amp#27;[32mUser goes to Servers Catalog&amp#27;[0m                                       &amp#27;[90m# StepsDefinitions.user_goes_to_servers_catalog()&amp#27;[0m
    &amp#27;[32mThen &amp#27;[0m&amp#27;[32mURL does not contain capital letters&amp#27;[0m                               &amp#27;[90m# StepsDefinitions.url_does_not_contain_capital_letters()&amp#27;[0m
SRP page loaded
    &amp#27;[32mAnd &amp#27;[0m&amp#27;[32mUser searches for "&amp#27;[0m&amp#27;[32m&amp#27;[1mdl380&amp#27;[0m&amp#27;[32m"&amp#27;[0m                                           &amp#27;[90m# StepsDefinitions.user_searches_for_something(String)&amp#27;[0m
    &amp#27;[32mThen &amp#27;[0m&amp#27;[32mURL does not contain capital letters&amp#27;[0m                               &amp#27;[90m# StepsDefinitions.url_does_not_contain_capital_letters()&amp#27;[0m
SRP page loaded
org.openqa.selenium.TimeoutException: Expected condition failed: waiting for visibility of Proxy element for: DefaultElementLocator 'By.xpath: //ul[contains(@class, "product__listing")]/section[1]/div[2]//a' (tried for 30 second(s) with 500 milliseconds interval)
    &amp#27;[32mAnd &amp#27;[0m&amp#27;[32mUser searches and opens "&amp#27;[0m&amp#27;[32m&amp#27;[1mdl380&amp#27;[0m&amp#27;[32m"&amp#27;[0m                                     &amp#27;[90m# StepsDefinitions.user_searches_and_opens_something(String)&amp#27;[0m
    &amp#27;[32mThen &amp#27;[0m&amp#27;[32mURL does not contain capital letters&amp#27;[0m                               &amp#27;[90m# StepsDefinitions.url_does_not_contain_capital_letters()&amp#27;[0m
Get quote button not found
    &amp#27;[31mAnd &amp#27;[0m&amp#27;[31mUser clicks on get quote button&amp#27;[0m                                     &amp#27;[90m# StepsDefinitions.user_clicks_on_get_quote_button()&amp#27;[0m
      &amp#27;[31morg.openqa.selenium.TimeoutException: Build info: version: '3.141.59', revision: 'e82be7d358', time: '2018-11-14T08:17:03'
System info: host: 'BICY5QHRAR', ip: '16.214.2.191', os.name: 'Windows 10', os.arch: 'amd64', os.version: '10.0', java.version: '1.8.0_144'
Driver info: driver.version: unknown
	at pageObjects.ResultsPage.click_GetQuote(ResultsPage.java:112)
	at stepDefinitions.StepsDefinitions.user_clicks_on_get_quote_button(StepsDefinitions.java:62)
	at ?.User clicks on get quote button(file:src/test/java/features/SourceCode4.feature:62)
&amp#27;[0m
    &amp#27;[36mThen &amp#27;[0m&amp#27;[36mURL does not contain capital letters&amp#27;[0m                               &amp#27;[90m# StepsDefinitions.url_does_not_contain_capital_letters()&amp#27;[0m
    &amp#27;[36mWhen &amp#27;[0m&amp#27;[36mUser fills up the form&amp#27;[0m                                             &amp#27;[90m# StepsDefinitions.user_fills_up_the_form()&amp#27;[0m
    &amp#27;[36mWhen &amp#27;[0m&amp#27;[36mUser clicks on get quote&amp#27;[0m                                           &amp#27;[90m# StepsDefinitions.user_clicks_on_get_quote()&amp#27;[0m
    &amp#27;[36mThen &amp#27;[0m&amp#27;[36mURL does not contain capital letters&amp#27;[0m                               &amp#27;[90m# StepsDefinitions.url_does_not_contain_capital_letters()&amp#27;[0m
]]></system-out>
    <system-err><![CDATA[Starting ChromeDriver 78.0.3904.70 (edb9c9f3de0247fd912a77b7f6cae7447f6d3ad5-refs/branch-heads/3904@{#800}) on port 5485
Only local connections are allowed.
Please protect ports used by ChromeDriver and related test frameworks to prevent access by malicious code.
[1580501466.853][WARNING]: This version of ChromeDriver has not been tested with Chrome version 79.
ene 31, 2020 2:11:07 PM org.openqa.selenium.remote.ProtocolHandshake createSession
INFO: Detected dialect: W3C
]]></system-err>
  </testcase>
  <testcase name="Verify the capital letter in URL" classname="Sourcecode verifications" time="155.064"/>
  <testcase name="Verify the capital letter in URL" classname="Sourcecode verifications" time="282.614">
    <error message="Build info: version: &apos;3.141.59&apos;, revision: &apos;e82be7d358&apos;, time: &apos;2018-11-14T08:17:03&apos;&#10;System info: host: &apos;BICY5QHRAR&apos;, ip: &apos;16.214.2.191&apos;, os.name: &apos;Windows 10&apos;, os.arch: &apos;amd64&apos;, os.version: &apos;10.0&apos;, java.version: &apos;1.8.0_144&apos;&#10;Driver info: driver.version: unknown" type="org.openqa.selenium.TimeoutException">org.openqa.selenium.TimeoutException: 
Build info: version: '3.141.59', revision: 'e82be7d358', time: '2018-11-14T08:17:03'
System info: host: 'BICY5QHRAR', ip: '16.214.2.191', os.name: 'Windows 10', os.arch: 'amd64', os.version: '10.0', java.version: '1.8.0_144'
Driver info: driver.version: unknown
</error>
    <system-out><![CDATA[
  @SourceCodeTest
  Scenario Outline: Verify the capital letter in URL                          &amp#27;[90m# src/test/java/features/SourceCode4.feature:92&amp#27;[0m
C:\Users\morara\eclipse-workspace 2\eCommerce
Header Menu is loaded
    &amp#27;[32mGiven &amp#27;[0m&amp#27;[32mUser is on StoreFront homepage with &amp#27;[0m&amp#27;[32m&amp#27;[1mhttps://uat.buy.hpe.com/se/en&amp#27;[0m   &amp#27;[90m# StepsDefinitions.user_is_on_storefront_homepage_with(String)&amp#27;[0m
    &amp#27;[32mThen &amp#27;[0m&amp#27;[32mURL does not contain capital letters&amp#27;[0m                                 &amp#27;[90m# StepsDefinitions.url_does_not_contain_capital_letters()&amp#27;[0m
org.openqa.selenium.TimeoutException: Expected condition failed: waiting for visibility of Proxy element for: DefaultElementLocator 'By.xpath: //*[@id="hpeLoginBtn"]' (tried for 30 second(s) with 500 milliseconds interval)
    &amp#27;[32mWhen &amp#27;[0m&amp#27;[32mUser goes to login page&amp#27;[0m                                              &amp#27;[90m# StepsDefinitions.user_goes_to_login_page()&amp#27;[0m
    &amp#27;[32mThen &amp#27;[0m&amp#27;[32mURL does not contain capital letters&amp#27;[0m                                 &amp#27;[90m# StepsDefinitions.url_does_not_contain_capital_letters()&amp#27;[0m
Something went wrong: org.openqa.selenium.TimeoutException: Expected condition failed: waiting for element to be clickable: Proxy element for: DefaultElementLocator 'By.xpath: //a[contains(@href, "register")]' (tried for 30 second(s) with 500 milliseconds interval)
    &amp#27;[32mWhen &amp#27;[0m&amp#27;[32mUser goes to registration page&amp#27;[0m                                       &amp#27;[90m# StepsDefinitions.user_goes_to_registration_page()&amp#27;[0m
    &amp#27;[32mThen &amp#27;[0m&amp#27;[32mURL does not contain capital letters&amp#27;[0m                                 &amp#27;[90m# StepsDefinitions.url_does_not_contain_capital_letters()&amp#27;[0m
lfCAMvrv6h@yopmail.com
Something went wrong: org.openqa.selenium.NoSuchElementException: no such element: Unable to locate element: {"method":"xpath","selector":"//input[@id="email-address"]"}
  (Session info: chrome=79.0.3945.130)
For documentation on this error, please visit: https://www.seleniumhq.org/exceptions/no_such_element.html
Build info: version: '3.141.59', revision: 'e82be7d358', time: '2018-11-14T08:17:03'
System info: host: 'BICY5QHRAR', ip: '16.214.2.191', os.name: 'Windows 10', os.arch: 'amd64', os.version: '10.0', java.version: '1.8.0_144'
Driver info: org.openqa.selenium.chrome.ChromeDriver
Capabilities {acceptInsecureCerts: false, browserName: chrome, browserVersion: 79.0.3945.130, chrome: {chromedriverVersion: 78.0.3904.70 (edb9c9f3de024..., userDataDir: C:\Users\morara\AppData\Loc...}, goog:chromeOptions: {debuggerAddress: localhost:56762}, javascriptEnabled: true, networkConnectionEnabled: false, pageLoadStrategy: normal, platform: XP, platformName: XP, proxy: Proxy(), setWindowRect: true, strictFileInteractability: false, timeouts: {implicit: 0, pageLoad: 300000, script: 30000}, unhandledPromptBehavior: dismiss and notify}
Session ID: 16b11cb1d09b249c1f962a390c0943d2
*** Element info: {Using=xpath, value=//input[@id="email-address"]}
    &amp#27;[32mWhen &amp#27;[0m&amp#27;[32mUser completes registration &amp#27;[0m&amp#27;[32m&amp#27;[1mGUSTAV IIIS BOULEVARD 36&amp#27;[0m&amp#27;[32m &amp#27;[0m&amp#27;[32m&amp#27;[1mSTOCKHOLM&amp#27;[0m&amp#27;[32m &amp#27;[0m&amp#27;[32m&amp#27;[1m16985&amp#27;[0m &amp#27;[90m# StepsDefinitions.user_completes_registration(String,String,String)&amp#27;[0m
    &amp#27;[32mThen &amp#27;[0m&amp#27;[32mURL does not contain capital letters&amp#27;[0m                                 &amp#27;[90m# StepsDefinitions.url_does_not_contain_capital_letters()&amp#27;[0m
PLP Page opened
    &amp#27;[32mWhen &amp#27;[0m&amp#27;[32mUser goes to Servers Catalog&amp#27;[0m                                         &amp#27;[90m# StepsDefinitions.user_goes_to_servers_catalog()&amp#27;[0m
    &amp#27;[32mThen &amp#27;[0m&amp#27;[32mURL does not contain capital letters&amp#27;[0m                                 &amp#27;[90m# StepsDefinitions.url_does_not_contain_capital_letters()&amp#27;[0m
SRP page loaded
    &amp#27;[32mAnd &amp#27;[0m&amp#27;[32mUser searches for "&amp#27;[0m&amp#27;[32m&amp#27;[1mdl380&amp#27;[0m&amp#27;[32m"&amp#27;[0m                                             &amp#27;[90m# StepsDefinitions.user_searches_for_something(String)&amp#27;[0m
    &amp#27;[32mThen &amp#27;[0m&amp#27;[32mURL does not contain capital letters&amp#27;[0m                                 &amp#27;[90m# StepsDefinitions.url_does_not_contain_capital_letters()&amp#27;[0m
SRP page loaded
org.openqa.selenium.TimeoutException: Expected condition failed: waiting for visibility of Proxy element for: DefaultElementLocator 'By.xpath: //ul[contains(@class, "product__listing")]/section[1]/div[2]//a' (tried for 30 second(s) with 500 milliseconds interval)
    &amp#27;[32mAnd &amp#27;[0m&amp#27;[32mUser searches and opens "&amp#27;[0m&amp#27;[32m&amp#27;[1mdl380&amp#27;[0m&amp#27;[32m"&amp#27;[0m                                       &amp#27;[90m# StepsDefinitions.user_searches_and_opens_something(String)&amp#27;[0m
    &amp#27;[32mThen &amp#27;[0m&amp#27;[32mURL does not contain capital letters&amp#27;[0m                                 &amp#27;[90m# StepsDefinitions.url_does_not_contain_capital_letters()&amp#27;[0m
Get quote button not found
    &amp#27;[31mAnd &amp#27;[0m&amp#27;[31mUser clicks on get quote button&amp#27;[0m                                       &amp#27;[90m# StepsDefinitions.user_clicks_on_get_quote_button()&amp#27;[0m
      &amp#27;[31morg.openqa.selenium.TimeoutException: Build info: version: '3.141.59', revision: 'e82be7d358', time: '2018-11-14T08:17:03'
System info: host: 'BICY5QHRAR', ip: '16.214.2.191', os.name: 'Windows 10', os.arch: 'amd64', os.version: '10.0', java.version: '1.8.0_144'
Driver info: driver.version: unknown
	at pageObjects.ResultsPage.click_GetQuote(ResultsPage.java:112)
	at stepDefinitions.StepsDefinitions.user_clicks_on_get_quote_button(StepsDefinitions.java:62)
	at ?.User clicks on get quote button(file:src/test/java/features/SourceCode4.feature:62)
&amp#27;[0m
    &amp#27;[36mThen &amp#27;[0m&amp#27;[36mURL does not contain capital letters&amp#27;[0m                                 &amp#27;[90m# StepsDefinitions.url_does_not_contain_capital_letters()&amp#27;[0m
    &amp#27;[36mWhen &amp#27;[0m&amp#27;[36mUser fills up the form&amp#27;[0m                                               &amp#27;[90m# StepsDefinitions.user_fills_up_the_form()&amp#27;[0m
    &amp#27;[36mWhen &amp#27;[0m&amp#27;[36mUser clicks on get quote&amp#27;[0m                                             &amp#27;[90m# StepsDefinitions.user_clicks_on_get_quote()&amp#27;[0m
    &amp#27;[36mThen &amp#27;[0m&amp#27;[36mURL does not contain capital letters&amp#27;[0m                                 &amp#27;[90m# StepsDefinitions.url_does_not_contain_capital_letters()&amp#27;[0m
]]></system-out>
    <system-err><![CDATA[Starting ChromeDriver 78.0.3904.70 (edb9c9f3de0247fd912a77b7f6cae7447f6d3ad5-refs/branch-heads/3904@{#800}) on port 42029
Only local connections are allowed.
Please protect ports used by ChromeDriver and related test frameworks to prevent access by malicious code.
[1580501904.299][WARNING]: This version of ChromeDriver has not been tested with Chrome version 79.
ene 31, 2020 2:18:25 PM org.openqa.selenium.remote.ProtocolHandshake createSession
INFO: Detected dialect: W3C
]]></system-err>
  </testcase>
  <testcase name="Verify the capital letter in URL" classname="Sourcecode verifications" time="131.206"/>
  <testcase name="Verify the capital letter in URL" classname="Sourcecode verifications" time="236.951"/>
  <testcase name="Verify the capital letter in URL" classname="Sourcecode verifications" time="130.542"/>
  <testcase name="Verify the capital letter in URL" classname="Sourcecode verifications" time="153.601"/>
  <testcase name="Verify the capital letter in URL" classname="Sourcecode verifications" time="127.937"/>
  <testcase name="Verify the capital letter in URL" classname="Sourcecode verifications" time="139.676"/>
  <testcase name="Verify the capital letter in URL" classname="Sourcecode verifications" time="127.046"/>
  <testcase name="Verify the capital letter in URL" classname="Sourcecode verifications" time="183.097"/>
  <testcase name="Verify the capital letter in URL" classname="Sourcecode verifications" time="160.979"/>
  <testcase name="Verify the capital letter in URL" classname="Sourcecode verifications" time="122.13"/>
  <testcase name="Verify the capital letter in URL" classname="Sourcecode verifications" time="117.017"/>
  <testcase name="Verify the capital letter in URL" classname="Sourcecode verifications" time="125.137"/>
</testsuite>